Release 14.7 - xst P.20131013 (nt64)
Copyright (c) 1995-2013 Xilinx, Inc.  All rights reserved.
--> Parameter TMPDIR set to xst/projnav.tmp


Total REAL time to Xst completion: 0.00 secs
Total CPU time to Xst completion: 0.17 secs
 
--> Parameter xsthdpdir set to xst


Total REAL time to Xst completion: 0.00 secs
Total CPU time to Xst completion: 0.17 secs
 
--> Reading design: ALU.prj

TABLE OF CONTENTS
  1) Synthesis Options Summary
  2) HDL Parsing
  3) HDL Elaboration
  4) HDL Synthesis
       4.1) HDL Synthesis Report
  5) Advanced HDL Synthesis
       5.1) Advanced HDL Synthesis Report
  6) Low Level Synthesis
  7) Partition Report
  8) Design Summary
       8.1) Primitive and Black Box Usage
       8.2) Device utilization summary
       8.3) Partition Resource Summary
       8.4) Timing Report
            8.4.1) Clock Information
            8.4.2) Asynchronous Control Signals Information
            8.4.3) Timing Summary
            8.4.4) Timing Details
            8.4.5) Cross Clock Domains Report


=========================================================================
*                      Synthesis Options Summary                        *
=========================================================================
---- Source Parameters
Input File Name                    : "ALU.prj"
Ignore Synthesis Constraint File   : NO

---- Target Parameters
Output File Name                   : "ALU"
Output Format                      : NGC
Target Device                      : xc6slx9-3-tqg144

---- Source Options
Top Module Name                    : ALU
Automatic FSM Extraction           : YES
FSM Encoding Algorithm             : Auto
Safe Implementation                : No
FSM Style                          : LUT
RAM Extraction                     : Yes
RAM Style                          : Auto
ROM Extraction                     : Yes
Shift Register Extraction          : YES
ROM Style                          : Auto
Resource Sharing                   : YES
Asynchronous To Synchronous        : NO
Shift Register Minimum Size        : 2
Use DSP Block                      : Auto
Automatic Register Balancing       : No

---- Target Options
LUT Combining                      : Auto
Reduce Control Sets                : Auto
Add IO Buffers                     : YES
Global Maximum Fanout              : 100000
Add Generic Clock Buffer(BUFG)     : 16
Register Duplication               : YES
Optimize Instantiated Primitives   : NO
Use Clock Enable                   : Auto
Use Synchronous Set                : Auto
Use Synchronous Reset              : Auto
Pack IO Registers into IOBs        : Auto
Equivalent register Removal        : YES

---- General Options
Optimization Goal                  : Speed
Optimization Effort                : 1
Power Reduction                    : NO
Keep Hierarchy                     : No
Netlist Hierarchy                  : As_Optimized
RTL Output                         : Yes
Global Optimization                : AllClockNets
Read Cores                         : YES
Write Timing Constraints           : NO
Cross Clock Analysis               : NO
Hierarchy Separator                : /
Bus Delimiter                      : <>
Case Specifier                     : Maintain
Slice Utilization Ratio            : 100
BRAM Utilization Ratio             : 100
DSP48 Utilization Ratio            : 100
Auto BRAM Packing                  : NO
Slice Utilization Ratio Delta      : 5

=========================================================================


=========================================================================
*                          HDL Parsing                                  *
=========================================================================
Parsing VHDL file "C:\Users\Jared\Desktop\School\UMBC\Fall 2020\CMSC 313\Xilinx Projects\Project 1\SimpleProcessor\Subtractor.vhf" into library work
Parsing entity <Subtractor>.
Parsing architecture <BEHAVIORAL> of entity <subtractor>.
Parsing VHDL file "C:\Users\Jared\Desktop\School\UMBC\Fall 2020\CMSC 313\Xilinx Projects\Project 1\SimpleProcessor\FullAdder.vhf" into library work
Parsing entity <FullAdder>.
Parsing architecture <BEHAVIORAL> of entity <fulladder>.
Parsing VHDL file "C:\Users\Jared\Desktop\School\UMBC\Fall 2020\CMSC 313\Xilinx Projects\Project 1\SimpleProcessor\EightBitSubtractor.vhf" into library work
Parsing entity <Subtractor_MUSER_EightBitSubtractor>.
Parsing architecture <BEHAVIORAL> of entity <subtractor_muser_eightbitsubtractor>.
Parsing entity <EightBitSubtractor>.
Parsing architecture <BEHAVIORAL> of entity <eightbitsubtractor>.
Parsing VHDL file "C:\Users\Jared\Desktop\School\UMBC\Fall 2020\CMSC 313\Xilinx Projects\Project 1\SimpleProcessor\EightBitMux.vhf" into library work
Parsing entity <M8_1E_HXILINX_EightBitMux>.
Parsing architecture <M8_1E_HXILINX_EightBitMux_V> of entity <m8_1e_hxilinx_eightbitmux>.
Parsing entity <EightBitMux>.
Parsing architecture <BEHAVIORAL> of entity <eightbitmux>.
Parsing VHDL file "C:\Users\Jared\Desktop\School\UMBC\Fall 2020\CMSC 313\Xilinx Projects\Project 1\SimpleProcessor\EightBitAdder.vhf" into library work
Parsing entity <FullAdder_MUSER_EightBitAdder>.
Parsing architecture <BEHAVIORAL> of entity <fulladder_muser_eightbitadder>.
Parsing entity <EightBitAdder>.
Parsing architecture <BEHAVIORAL> of entity <eightbitadder>.
Parsing VHDL file "C:\Users\Jared\Desktop\School\UMBC\Fall 2020\CMSC 313\Xilinx Projects\Project 1\SimpleProcessor\ALU.vhf" into library work
Parsing entity <M8_1E_HXILINX_ALU>.
Parsing architecture <M8_1E_HXILINX_ALU_V> of entity <m8_1e_hxilinx_alu>.
Parsing entity <EightBitMux_MUSER_ALU>.
Parsing architecture <BEHAVIORAL> of entity <eightbitmux_muser_alu>.
Parsing entity <Subtractor_MUSER_ALU>.
Parsing architecture <BEHAVIORAL> of entity <subtractor_muser_alu>.
Parsing entity <EightBitSubtractor_MUSER_ALU>.
Parsing architecture <BEHAVIORAL> of entity <eightbitsubtractor_muser_alu>.
Parsing entity <FullAdder_MUSER_ALU>.
Parsing architecture <BEHAVIORAL> of entity <fulladder_muser_alu>.
Parsing entity <EightBitAdder_MUSER_ALU>.
Parsing architecture <BEHAVIORAL> of entity <eightbitadder_muser_alu>.
Parsing entity <ALU>.
Parsing architecture <BEHAVIORAL> of entity <alu>.

=========================================================================
*                            HDL Elaboration                            *
=========================================================================

Elaborating entity <ALU> (architecture <BEHAVIORAL>) from library <work>.

Elaborating entity <EightBitAdder_MUSER_ALU> (architecture <BEHAVIORAL>) from library <work>.

Elaborating entity <FullAdder_MUSER_ALU> (architecture <BEHAVIORAL>) from library <work>.

Elaborating entity <EightBitSubtractor_MUSER_ALU> (architecture <BEHAVIORAL>) from library <work>.

Elaborating entity <Subtractor_MUSER_ALU> (architecture <BEHAVIORAL>) from library <work>.

Elaborating entity <EightBitMux_MUSER_ALU> (architecture <BEHAVIORAL>) from library <work>.

Elaborating entity <M8_1E_HXILINX_ALU> (architecture <M8_1E_HXILINX_ALU_V>) from library <work>.
INFO:HDLCompiler:679 - "C:\Users\Jared\Desktop\School\UMBC\Fall 2020\CMSC 313\Xilinx Projects\Project 1\SimpleProcessor\ALU.vhf" Line 64. Case statement is complete. others clause is never selected
WARNING:HDLCompiler:634 - "C:\Users\Jared\Desktop\School\UMBC\Fall 2020\CMSC 313\Xilinx Projects\Project 1\SimpleProcessor\ALU.vhf" Line 653: Net <XLXN_5[7]> does not have a driver.
WARNING:HDLCompiler:634 - "C:\Users\Jared\Desktop\School\UMBC\Fall 2020\CMSC 313\Xilinx Projects\Project 1\SimpleProcessor\ALU.vhf" Line 654: Net <XLXN_6[7]> does not have a driver.
WARNING:HDLCompiler:634 - "C:\Users\Jared\Desktop\School\UMBC\Fall 2020\CMSC 313\Xilinx Projects\Project 1\SimpleProcessor\ALU.vhf" Line 655: Net <XLXN_7[7]> does not have a driver.
WARNING:HDLCompiler:634 - "C:\Users\Jared\Desktop\School\UMBC\Fall 2020\CMSC 313\Xilinx Projects\Project 1\SimpleProcessor\ALU.vhf" Line 656: Net <XLXN_8[7]> does not have a driver.
WARNING:HDLCompiler:634 - "C:\Users\Jared\Desktop\School\UMBC\Fall 2020\CMSC 313\Xilinx Projects\Project 1\SimpleProcessor\ALU.vhf" Line 657: Net <XLXN_9[7]> does not have a driver.
WARNING:HDLCompiler:634 - "C:\Users\Jared\Desktop\School\UMBC\Fall 2020\CMSC 313\Xilinx Projects\Project 1\SimpleProcessor\ALU.vhf" Line 658: Net <XLXN_10[7]> does not have a driver.

=========================================================================
*                           HDL Synthesis                               *
=========================================================================

Synthesizing Unit <ALU>.
    Related source file is "C:\Users\Jared\Desktop\School\UMBC\Fall 2020\CMSC 313\Xilinx Projects\Project 1\SimpleProcessor\ALU.vhf".
WARNING:Xst:653 - Signal <XLXN_5> is used but never assigned. This sourceless signal will be automatically connected to value GND.
WARNING:Xst:653 - Signal <XLXN_6> is used but never assigned. This sourceless signal will be automatically connected to value GND.
WARNING:Xst:653 - Signal <XLXN_7> is used but never assigned. This sourceless signal will be automatically connected to value GND.
WARNING:Xst:653 - Signal <XLXN_8> is used but never assigned. This sourceless signal will be automatically connected to value GND.
WARNING:Xst:653 - Signal <XLXN_9> is used but never assigned. This sourceless signal will be automatically connected to value GND.
WARNING:Xst:653 - Signal <XLXN_10> is used but never assigned. This sourceless signal will be automatically connected to value GND.
    Summary:
	no macro.
Unit <ALU> synthesized.

Synthesizing Unit <EightBitAdder_MUSER_ALU>.
    Related source file is "C:\Users\Jared\Desktop\School\UMBC\Fall 2020\CMSC 313\Xilinx Projects\Project 1\SimpleProcessor\ALU.vhf".
INFO:Xst:3210 - "C:\Users\Jared\Desktop\School\UMBC\Fall 2020\CMSC 313\Xilinx Projects\Project 1\SimpleProcessor\ALU.vhf" line 626: Output port <Cout> of the instance <XLXI_20> is unconnected or connected to loadless signal.
    Summary:
	no macro.
Unit <EightBitAdder_MUSER_ALU> synthesized.

Synthesizing Unit <FullAdder_MUSER_ALU>.
    Related source file is "C:\Users\Jared\Desktop\School\UMBC\Fall 2020\CMSC 313\Xilinx Projects\Project 1\SimpleProcessor\ALU.vhf".
    Summary:
	no macro.
Unit <FullAdder_MUSER_ALU> synthesized.

Synthesizing Unit <EightBitSubtractor_MUSER_ALU>.
    Related source file is "C:\Users\Jared\Desktop\School\UMBC\Fall 2020\CMSC 313\Xilinx Projects\Project 1\SimpleProcessor\ALU.vhf".
INFO:Xst:3210 - "C:\Users\Jared\Desktop\School\UMBC\Fall 2020\CMSC 313\Xilinx Projects\Project 1\SimpleProcessor\ALU.vhf" line 449: Output port <Bout> of the instance <XLXI_14> is unconnected or connected to loadless signal.
    Summary:
	no macro.
Unit <EightBitSubtractor_MUSER_ALU> synthesized.

Synthesizing Unit <Subtractor_MUSER_ALU>.
    Related source file is "C:\Users\Jared\Desktop\School\UMBC\Fall 2020\CMSC 313\Xilinx Projects\Project 1\SimpleProcessor\ALU.vhf".
    Summary:
	no macro.
Unit <Subtractor_MUSER_ALU> synthesized.

Synthesizing Unit <EightBitMux_MUSER_ALU>.
    Related source file is "C:\Users\Jared\Desktop\School\UMBC\Fall 2020\CMSC 313\Xilinx Projects\Project 1\SimpleProcessor\ALU.vhf".
    Set property "HU_SET = XLXI_1_0" for instance <XLXI_1>.
    Set property "HU_SET = XLXI_2_1" for instance <XLXI_2>.
    Set property "HU_SET = XLXI_3_2" for instance <XLXI_3>.
    Set property "HU_SET = XLXI_4_3" for instance <XLXI_4>.
    Set property "HU_SET = XLXI_5_4" for instance <XLXI_5>.
    Set property "HU_SET = XLXI_6_5" for instance <XLXI_6>.
    Set property "HU_SET = XLXI_7_6" for instance <XLXI_7>.
    Set property "HU_SET = XLXI_8_7" for instance <XLXI_8>.
    Summary:
	no macro.
Unit <EightBitMux_MUSER_ALU> synthesized.

Synthesizing Unit <M8_1E_HXILINX_ALU>.
    Related source file is "C:\Users\Jared\Desktop\School\UMBC\Fall 2020\CMSC 313\Xilinx Projects\Project 1\SimpleProcessor\ALU.vhf".
    Found 1-bit 8-to-1 multiplexer for signal <S2_D7_Mux_0_o> created at line 55.
    Summary:
	inferred   2 Multiplexer(s).
Unit <M8_1E_HXILINX_ALU> synthesized.

=========================================================================
HDL Synthesis Report

Macro Statistics
# Multiplexers                                         : 16
 1-bit 2-to-1 multiplexer                              : 8
 1-bit 8-to-1 multiplexer                              : 8

=========================================================================

=========================================================================
*                       Advanced HDL Synthesis                          *
=========================================================================


=========================================================================
Advanced HDL Synthesis Report

Macro Statistics
# Multiplexers                                         : 16
 1-bit 2-to-1 multiplexer                              : 8
 1-bit 8-to-1 multiplexer                              : 8

=========================================================================

=========================================================================
*                         Low Level Synthesis                           *
=========================================================================

Optimizing unit <ALU> ...

Optimizing unit <EightBitMux_MUSER_ALU> ...

Optimizing unit <M8_1E_HXILINX_ALU> ...

Mapping all equations...
Building and optimizing final netlist ...
Found area constraint ratio of 100 (+ 5) on block ALU, actual ratio is 0.

Final Macro Processing ...

=========================================================================
Final Register Report

Found no macro
=========================================================================

=========================================================================
*                           Partition Report                            *
=========================================================================

Partition Implementation Status
-------------------------------

  No Partitions were found in this design.

-------------------------------

=========================================================================
*                            Design Summary                             *
=========================================================================

Top Level Output File Name         : ALU.ngc

Primitive and Black Box Usage:
------------------------------
# BELS                             : 121
#      AND2                        : 40
#      GND                         : 9
#      INV                         : 16
#      LUT6                        : 8
#      MUXF7                       : 8
#      OR2                         : 8
#      OR3                         : 8
#      XOR2                        : 16
#      XOR3                        : 8
# IO Buffers                       : 27
#      IBUF                        : 19
#      OBUF                        : 8

Device utilization summary:
---------------------------

Selected Device : 6slx9tqg144-3 


Slice Logic Utilization: 
 Number of Slice LUTs:                   24  out of   5720     0%  
    Number used as Logic:                24  out of   5720     0%  

Slice Logic Distribution: 
 Number of LUT Flip Flop pairs used:     24
   Number with an unused Flip Flop:      24  out of     24   100%  
   Number with an unused LUT:             0  out of     24     0%  
   Number of fully used LUT-FF pairs:     0  out of     24     0%  
   Number of unique control sets:         0

IO Utilization: 
 Number of IOs:                          27
 Number of bonded IOBs:                  27  out of    102    26%  

Specific Feature Utilization:

---------------------------
Partition Resource Summary:
---------------------------

  No Partitions were found in this design.

---------------------------


=========================================================================
Timing Report

NOTE: THESE TIMING NUMBERS ARE ONLY A SYNTHESIS ESTIMATE.
      FOR ACCURATE TIMING INFORMATION PLEASE REFER TO THE TRACE REPORT
      GENERATED AFTER PLACE-and-ROUTE.

Clock Information:
------------------
No clock signals found in this design

Asynchronous Control Signals Information:
----------------------------------------
No asynchronous control signals found in this design

Timing Summary:
---------------
Speed Grade: -3

   Minimum period: No path found
   Minimum input arrival time before clock: No path found
   Maximum output required time after clock: No path found
   Maximum combinational path delay: 25.320ns

Timing Details:
---------------
All values displayed in nanoseconds (ns)

=========================================================================
Timing constraint: Default path analysis
  Total number of paths / destination ports: 1156 / 8
-------------------------------------------------------------------------
Delay:               25.320ns (Levels of Logic = 22)
  Source:            B<0> (PAD)
  Destination:       O<7> (PAD)

  Data Path: B<0> to O<7>
                                Gate     Net
    Cell:in->out      fanout   Delay   Delay  Logical Name (Net Name)
    ----------------------------------------  ------------
     IBUF:I->O             5   1.222   1.079  B_0_IBUF (B_0_IBUF)
     XOR2:I0->O            2   0.203   0.616  XLXI_11/XLXI_7/XLXI_2 (XLXI_11/XLXI_7/XLXN_42)
     INV:I->O              1   0.568   0.944  XLXI_11/XLXI_7/XLXI_5 (XLXI_11/XLXI_7/XLXN_44)
     AND2:I0->O            1   0.203   0.924  XLXI_11/XLXI_7/XLXI_4 (XLXI_11/XLXI_7/XLXN_46)
     OR2:I1->O             2   0.223   0.961  XLXI_11/XLXI_7/XLXI_7 (XLXI_11/XLXN_1)
     AND2:I1->O            1   0.223   0.924  XLXI_11/XLXI_8/XLXI_4 (XLXI_11/XLXI_8/XLXN_46)
     OR2:I1->O             2   0.223   0.961  XLXI_11/XLXI_8/XLXI_7 (XLXI_11/XLXN_3)
     AND2:I1->O            1   0.223   0.924  XLXI_11/XLXI_9/XLXI_4 (XLXI_11/XLXI_9/XLXN_46)
     OR2:I1->O             2   0.223   0.961  XLXI_11/XLXI_9/XLXI_7 (XLXI_11/XLXN_2)
     AND2:I1->O            1   0.223   0.924  XLXI_11/XLXI_10/XLXI_4 (XLXI_11/XLXI_10/XLXN_46)
     OR2:I1->O             2   0.223   0.961  XLXI_11/XLXI_10/XLXI_7 (XLXI_11/XLXN_9)
     AND2:I1->O            1   0.223   0.924  XLXI_11/XLXI_11/XLXI_4 (XLXI_11/XLXI_11/XLXN_46)
     OR2:I1->O             2   0.223   0.961  XLXI_11/XLXI_11/XLXI_7 (XLXI_11/XLXN_6)
     AND2:I1->O            1   0.223   0.924  XLXI_11/XLXI_12/XLXI_4 (XLXI_11/XLXI_12/XLXN_46)
     OR2:I1->O             2   0.223   0.961  XLXI_11/XLXI_12/XLXI_7 (XLXI_11/XLXN_7)
     AND2:I1->O            1   0.223   0.924  XLXI_11/XLXI_13/XLXI_4 (XLXI_11/XLXI_13/XLXN_46)
     OR2:I1->O             2   0.223   0.981  XLXI_11/XLXI_13/XLXI_7 (XLXI_11/XLXN_8)
     XOR2:I0->O            1   0.203   0.684  XLXI_11/XLXI_14/XLXI_1 (D<7>)
     begin scope: 'XLXI_12/XLXI_7:D1'
     LUT6:I4->O            1   0.203   0.000  Mmux_S2_D7_Mux_0_o_4 (Mmux_S2_D7_Mux_0_o_4)
     MUXF7:I0->O           1   0.131   0.579  Mmux_S2_D7_Mux_0_o_2_f7 (O)
     end scope: 'XLXI_12/XLXI_7:O'
     OBUF:I->O                 2.571          O_7_OBUF (O<7>)
    ----------------------------------------
    Total                     25.320ns (8.203ns logic, 17.118ns route)
                                       (32.4% logic, 67.6% route)

=========================================================================

Cross Clock Domains Report:
--------------------------

=========================================================================


Total REAL time to Xst completion: 7.00 secs
Total CPU time to Xst completion: 7.05 secs
 
--> 

Total memory usage is 4502236 kilobytes

Number of errors   :    0 (   0 filtered)
Number of warnings :   12 (   0 filtered)
Number of infos    :    2 (   0 filtered)

